<?xml version="1.0" encoding="UTF-8"?>
<testng-results ignored="0" total="1" passed="1" failed="0" skipped="0">
  <reporter-output>
  </reporter-output>
  <suite started-at="2023-11-30T12:45:45 IST" name="Default suite" finished-at="2023-11-30T12:45:57 IST" duration-ms="12269">
    <groups>
    </groups>
    <test started-at="2023-11-30T12:45:45 IST" name="Default test" finished-at="2023-11-30T12:45:57 IST" duration-ms="12269">
      <class name="sample.newProject_Test">
        <test-method signature="newTest()[pri:0, instance:sample.newProject_Test@169e6180]" started-at="2023-11-30T12:45:45 IST" name="newTest" finished-at="2023-11-30T12:45:57 IST" duration-ms="12189" status="PASS">
          <reporter-output>
          </reporter-output>
        </test-method> <!-- newTest -->
      </class> <!-- sample.newProject_Test -->
    </test> <!-- Default test -->
  </suite> <!-- Default suite -->
</testng-results>
